#
# A fatal error has been detected by the Java Runtime Environment:
#
#  EXCEPTION_ACCESS_VIOLATION (0xc0000005) at pc=0x6d8b2ed9, pid=5396, tid=4348
#
# JRE version: 6.0_21-b07
# Java VM: Java HotSpot(TM) Client VM (17.0-b17 mixed mode windows-x86 )
# Problematic frame:
# V  [jvm.dll+0x2ed9]
#
# If you would like to submit a bug report, please visit:
#   http://java.sun.com/webapps/bugreport/crash.jsp
#

---------------  T H R E A D  ---------------

Current thread (0x01ab7000):  VMThread [stack: 0x17be0000,0x17c30000] [id=4348]

siginfo: ExceptionCode=0xc0000005, reading address 0x31000755

Registers:
EAX=0x31000751, EBX=0x01a43828, ECX=0x13ce4e48, EDX=0x13ce4e48
ESP=0x17c2f4f8, EBP=0x17c2f4fc, ESI=0x31000751, EDI=0x13ce4e48
EIP=0x6d8b2ed9, EFLAGS=0x00010212

Top of Stack: (sp=0x17c2f4f8)
0x17c2f4f8:   13ce4e48 17c2f50c 6d8b2ecc 31000751
0x17c2f508:   6da67a42 17c2f524 6d8d127b 13ce4e48
0x17c2f518:   17c2f574 17c2f574 011ede90 17c2f530
0x17c2f528:   6d93523b 13ce502d 17c2f540 6d980c43
0x17c2f538:   13ce502d 011ee6d0 17c2f54c 6d9809f3
0x17c2f548:   01a437e8 17c2f564 6d9352b4 17c2f574
0x17c2f558:   00000000 011edeec 13ce502d 17c2f580
0x17c2f568:   6d980765 17c2f574 00000000 6dad7b68 

Instructions: (pc=0x6d8b2ed9)
0x6d8b2ec9:   00 00 00 c3 cc cc cc 55 8b ec 56 8b 75 08 8b d1
0x6d8b2ed9:   8b 4e 04 8b c1 c1 f8 02 85 c9 89 4d 08 7f 2c 7d 


Stack: [0x17be0000,0x17c30000],  sp=0x17c2f4f8,  free space=13d17c2f054k
Native frames: (J=compiled Java code, j=interpreted, Vv=VM code, C=native code)
V  [jvm.dll+0x2ed9]
V  [jvm.dll+0x2ecc]
V  [jvm.dll+0x2127b]
V  [jvm.dll+0x8523b]
V  [jvm.dll+0xd0c43]
V  [jvm.dll+0xd09f3]
V  [jvm.dll+0x852b4]
V  [jvm.dll+0xd0765]
V  [jvm.dll+0xcb0c7]
V  [jvm.dll+0x170c75]
V  [jvm.dll+0x21b95]
V  [jvm.dll+0xcd7b6]
V  [jvm.dll+0xd0535]
V  [jvm.dll+0x17fedb]
V  [jvm.dll+0x18016d]
V  [jvm.dll+0x1803b3]
V  [jvm.dll+0x180454]
V  [jvm.dll+0xdbb26]
V  [jvm.dll+0x171114]
V  [jvm.dll+0xb6277]
V  [jvm.dll+0xb6392]
V  [jvm.dll+0x1e4468]
V  [jvm.dll+0x1e484f]
V  [jvm.dll+0x1a9109]
V  [jvm.dll+0xcc110]
V  [jvm.dll+0xccac2]
V  [jvm.dll+0xccd7b]
V  [jvm.dll+0xd0dea]
V  [jvm.dll+0x1e1382]
V  [jvm.dll+0xcbb78]
V  [jvm.dll+0xcbf61]
V  [jvm.dll+0x1fd53d]
V  [jvm.dll+0x2002e3]
V  [jvm.dll+0x1ff5ce]
V  [jvm.dll+0x1ff8f0]
V  [jvm.dll+0x1ffce2]
V  [jvm.dll+0x185f5c]
C  [msvcr71.dll+0x9565]
C  [kernel32.dll+0x51194]
C  [ntdll.dll+0x5b495]
C  [ntdll.dll+0x5b468]

JavaThread 0x011e9800 (nid = 4376) was being processed
Java frames: (J=compiled Java code, j=interpreted, Vv=VM code)
j  java.lang.Runtime.gc()V+0

[error occurred during error reporting (printing target Java thread stack), id 0xc0000005]

VM_Operation (0x0028f9bc): GenCollectFull, mode: safepoint, requested by thread 0x011e9800


---------------  P R O C E S S  ---------------

Java Threads: ( => current thread )
  0x01b20000 JavaThread "Low Memory Detector" daemon [_thread_blocked, id=5136, stack(0x18040000,0x18090000)]
  0x01b13000 JavaThread "CompilerThread0" daemon [_thread_blocked, id=5160, stack(0x17ff0000,0x18040000)]
  0x01afe400 JavaThread "JDWP Command Reader" daemon [_thread_in_native, id=4952, stack(0x17fa0000,0x17ff0000)]
  0x01afd000 JavaThread "JDWP Event Helper Thread" daemon [_thread_blocked, id=4580, stack(0x17f50000,0x17fa0000)]
  0x01afa000 JavaThread "JDWP Transport Listener: dt_socket" daemon [_thread_blocked, id=3968, stack(0x17ea0000,0x17ef0000)]
  0x01aeb400 JavaThread "Attach Listener" daemon [_thread_blocked, id=5852, stack(0x17d20000,0x17d70000)]
  0x01ae8400 JavaThread "Signal Dispatcher" daemon [_thread_blocked, id=4320, stack(0x17cd0000,0x17d20000)]
  0x01abe800 JavaThread "Finalizer" daemon [_thread_blocked, id=3032, stack(0x17c80000,0x17cd0000)]
  0x01aba000 JavaThread "Reference Handler" daemon [_thread_blocked, id=5992, stack(0x17c30000,0x17c80000)]
  0x011e9800 JavaThread "main" [_thread_blocked, id=4376, stack(0x00240000,0x00290000)]

Other Threads:
=>0x01ab7000 VMThread [stack: 0x17be0000,0x17c30000] [id=4348]
  0x18158c00 WatcherThread [stack: 0x18090000,0x180e0000] [id=3820]

VM state:at safepoint (normal execution)

VM Mutex/Monitor currently owned by a thread:  ([mutex/lock_event])
[0x011e78f0] Threads_lock - owner thread: 0x01ab7000
[0x011e7d00] Heap_lock - owner thread: 0x011e9800

Heap
 def new generation   total 4992K, used 0K [0x03b30000, 0x04090000, 0x09080000)
  eden space 4480K,   0% used [0x03b30000, 0x03b30000, 0x03f90000)
  from space 512K,   0% used [0x03f90000, 0x03f90000, 0x04010000)
  to   space 512K,   0% used [0x04010000, 0x04010000, 0x04090000)
 tenured generation   total 10944K, used 1082K [0x09080000, 0x09b30000, 0x13b30000)
   the space 10944K,   9% used [0x09080000, 0x0918eba8, 0x0918ec00, 0x09b30000)
 compacting perm gen  total 12288K, used 1940K [0x13b30000, 0x14730000, 0x17b30000)
   the space 12288K,  15% used [0x13b30000, 0x13d15380, 0x13d14a00, 0x14730000)
No shared spaces configured.

Dynamic libraries:
0x00400000 - 0x00424000 	C:\Program Files\Java\jdk1.6.0_21\bin\javaw.exe
0x76ef0000 - 0x7702c000 	C:\Windows\SYSTEM32\ntdll.dll
0x75340000 - 0x75414000 	C:\Windows\system32\kernel32.dll
0x750c0000 - 0x7510a000 	C:\Windows\system32\KERNELBASE.dll
0x75900000 - 0x759a0000 	C:\Windows\system32\ADVAPI32.dll
0x76e40000 - 0x76eec000 	C:\Windows\system32\msvcrt.dll
0x75a90000 - 0x75aa9000 	C:\Windows\SYSTEM32\sechost.dll
0x75d50000 - 0x75df1000 	C:\Windows\system32\RPCRT4.dll
0x77030000 - 0x770f9000 	C:\Windows\system32\USER32.dll
0x759a0000 - 0x759ee000 	C:\Windows\system32\GDI32.dll
0x759f0000 - 0x759fa000 	C:\Windows\system32\LPK.dll
0x75860000 - 0x758fd000 	C:\Windows\system32\USP10.dll
0x75ea0000 - 0x75ebf000 	C:\Windows\system32\IMM32.DLL
0x76cf0000 - 0x76dbc000 	C:\Windows\system32\MSCTF.dll
0x7c340000 - 0x7c396000 	C:\Program Files\Java\jdk1.6.0_21\jre\bin\msvcr71.dll
0x6d8b0000 - 0x6db57000 	C:\Program Files\Java\jdk1.6.0_21\jre\bin\client\jvm.dll
0x72dc0000 - 0x72df2000 	C:\Windows\system32\WINMM.dll
0x74f70000 - 0x74fbb000 	C:\Windows\system32\apphelp.dll
0x6d860000 - 0x6d86c000 	C:\Program Files\Java\jdk1.6.0_21\jre\bin\verify.dll
0x6d3e0000 - 0x6d3ff000 	C:\Program Files\Java\jdk1.6.0_21\jre\bin\java.dll
0x6d340000 - 0x6d348000 	C:\Program Files\Java\jdk1.6.0_21\jre\bin\hpi.dll
0x75ab0000 - 0x75ab5000 	C:\Windows\system32\PSAPI.DLL
0x6d430000 - 0x6d459000 	C:\Program Files\Java\jdk1.6.0_21\jre\bin\jdwp.dll
0x6d750000 - 0x6d756000 	C:\Program Files\Java\jdk1.6.0_21\jre\bin\npt.dll
0x6d8a0000 - 0x6d8af000 	C:\Program Files\Java\jdk1.6.0_21\jre\bin\zip.dll
0x6d2b0000 - 0x6d2b7000 	C:\Program Files\Java\jdk1.6.0_21\jre\bin\dt_socket.dll
0x75e00000 - 0x75e35000 	C:\Windows\system32\WS2_32.dll
0x77100000 - 0x77106000 	C:\Windows\system32\NSI.dll
0x736a0000 - 0x736b0000 	C:\Windows\system32\NLAapi.dll
0x74ab0000 - 0x74aec000 	C:\Windows\System32\mswsock.dll
0x74970000 - 0x749b4000 	C:\Windows\system32\DNSAPI.dll
0x725c0000 - 0x725c8000 	C:\Windows\System32\winrnr.dll
0x706f0000 - 0x70700000 	C:\Windows\system32\napinsp.dll
0x706d0000 - 0x706e2000 	C:\Windows\system32\pnrpnsp.dll
0x706c0000 - 0x706cd000 	C:\Windows\system32\wshbth.dll
0x71da0000 - 0x71dc5000 	C:\Program Files\Bonjour\mdnsNSP.dll
0x72cd0000 - 0x72cec000 	C:\Windows\system32\Iphlpapi.DLL
0x72cc0000 - 0x72cc7000 	C:\Windows\system32\WINNSI.DLL
0x72b00000 - 0x72b38000 	C:\Windows\System32\fwpuclnt.dll
0x71d90000 - 0x71d96000 	C:\Windows\system32\rasadhlp.dll
0x745d0000 - 0x745d5000 	C:\Windows\System32\wshtcpip.dll

VM Arguments:
jvm_args: -agentlib:jdwp=transport=dt_socket,suspend=y,address=localhost:55634 -Dfile.encoding=Cp1252 
java_command: com.sjsu.edu.domainprocessor.LogProcessorTest
Launcher Type: SUN_STANDARD

Environment Variables:
JAVA_HOME=C:\Program Files\Java\jdk1.6.0_21
CLASSPATH=.;C:\Program Files\Java\jre6\lib\ext\QTJava.zip
PATH=C:\Program Files\Java\jdk1.6.0_21\jre\bin;C:/Program Files/Java/jdk1.6.0_21/bin/../jre/bin/client;C:/Program Files/Java/jdk1.6.0_21/bin/../jre/bin;C:/Program Files/Java/jdk1.6.0_21/bin/../jre/lib/i386;c:\ruby\bin;VOLDEMORT_HOME\bin;E:\BuildTools\ApacheMaven\apache-maven-2.2.1\bin;E:\Servers\JBoss\bin;E:\Servers\ApacheTomcat\apache-tomcat-7.0.2\bin;E:\BuildTools\ApacheAnt\apache-ant-1.8.1\bin;C:\Program Files\Java\jdk1.6.0_21\bin;C:\Windows\system32;C:\Windows;C:\Windows\System32\Wbem;C:\Windows\System32\WindowsPowerShell\v1.0\;C:\Program Files\WIDCOMM\Bluetooth Software\;C:\Program Files\TortoiseSVN\bin;C:\Program Files\QuickTime\QTSystem\
USERNAME=Administrator
OS=Windows_NT
PROCESSOR_IDENTIFIER=x86 Family 6 Model 15 Stepping 13, GenuineIntel



---------------  S Y S T E M  ---------------

OS: Windows 7 Build 7600 

CPU:total 2 (2 cores per cpu, 1 threads per core) family 6 model 15 stepping 13, cmov, cx8, fxsr, mmx, sse, sse2, sse3, ssse3

Memory: 4k page, physical 2087352k(863704k free), swap 4174704k(2514680k free)

vm_info: Java HotSpot(TM) Client VM (17.0-b17) for windows-x86 JRE (1.6.0_21-b07), built on Jul 17 2010 01:10:15 by "java_re" with MS VC++ 7.1 (VS2003)

time: Wed Jan 26 13:30:20 2011
elapsed time: 115 seconds

