#
# A fatal error has been detected by the Java Runtime Environment:
#
#  EXCEPTION_ACCESS_VIOLATION (0xc0000005) at pc=0x6d8b2ed9, pid=1028, tid=2328
#
# JRE version: 6.0_21-b07
# Java VM: Java HotSpot(TM) Client VM (17.0-b17 mixed mode windows-x86 )
# Problematic frame:
# V  [jvm.dll+0x2ed9]
#
# If you would like to submit a bug report, please visit:
#   http://java.sun.com/webapps/bugreport/crash.jsp
#

---------------  T H R E A D  ---------------

Current thread (0x01aa7000):  VMThread [stack: 0x17bd0000,0x17c20000] [id=2328]

siginfo: ExceptionCode=0xc0000005, reading address 0x000001f5

Registers:
EAX=0x000001f1, EBX=0x01a33828, ECX=0x13cd0bc8, EDX=0x13cd0bc8
ESP=0x17c1f4f8, EBP=0x17c1f4fc, ESI=0x000001f1, EDI=0x13cd0bc8
EIP=0x6d8b2ed9, EFLAGS=0x00010212

Top of Stack: (sp=0x17c1f4f8)
0x17c1f4f8:   13cd0bc8 17c1f50c 6d8b2ecc 000001f1
0x17c1f508:   6da67a42 17c1f524 6d8d127b 13cd0bc8
0x17c1f518:   17c1f574 17c1f574 0036de90 17c1f530
0x17c1f528:   6d93523b 13cd0d16 17c1f540 6d980c43
0x17c1f538:   13cd0d16 0036e6d0 17c1f54c 6d9809f3
0x17c1f548:   01a337e8 17c1f564 6d9352b4 17c1f574
0x17c1f558:   00000000 0036deec 13cd0d16 17c1f580
0x17c1f568:   6d980765 17c1f574 00000000 6dad7b68 

Instructions: (pc=0x6d8b2ed9)
0x6d8b2ec9:   00 00 00 c3 cc cc cc 55 8b ec 56 8b 75 08 8b d1
0x6d8b2ed9:   8b 4e 04 8b c1 c1 f8 02 85 c9 89 4d 08 7f 2c 7d 


Stack: [0x17bd0000,0x17c20000],  sp=0x17c1f4f8,  free space=13d17c1f054k
Native frames: (J=compiled Java code, j=interpreted, Vv=VM code, C=native code)
V  [jvm.dll+0x2ed9]
V  [jvm.dll+0x2ecc]
V  [jvm.dll+0x2127b]
V  [jvm.dll+0x8523b]
V  [jvm.dll+0xd0c43]
V  [jvm.dll+0xd09f3]
V  [jvm.dll+0x852b4]
V  [jvm.dll+0xd0765]
V  [jvm.dll+0xcb0c7]
V  [jvm.dll+0x170c75]
V  [jvm.dll+0x21b95]
V  [jvm.dll+0xcd7b6]
V  [jvm.dll+0xd0535]
V  [jvm.dll+0x17fedb]
V  [jvm.dll+0x18016d]
V  [jvm.dll+0x1803b3]
V  [jvm.dll+0x180454]
V  [jvm.dll+0xdbb26]
V  [jvm.dll+0x171114]
V  [jvm.dll+0xb6277]
V  [jvm.dll+0xb6392]
V  [jvm.dll+0x1e4468]
V  [jvm.dll+0x1e484f]
V  [jvm.dll+0x1a9109]
V  [jvm.dll+0xcc110]
V  [jvm.dll+0xccac2]
V  [jvm.dll+0xccd7b]
V  [jvm.dll+0xd0dea]
V  [jvm.dll+0x1e1382]
V  [jvm.dll+0xcbb78]
V  [jvm.dll+0xcbf61]
V  [jvm.dll+0x1fd53d]
V  [jvm.dll+0x2002e3]
V  [jvm.dll+0x1ff5ce]
V  [jvm.dll+0x1ff8f0]
V  [jvm.dll+0x1ffce2]
V  [jvm.dll+0x185f5c]
C  [msvcr71.dll+0x9565]
C  [kernel32.dll+0x51194]
C  [ntdll.dll+0x5b495]
C  [ntdll.dll+0x5b468]

JavaThread 0x00369800 (nid = 2192) was being processed
Java frames: (J=compiled Java code, j=interpreted, Vv=VM code)
j  java.lang.Runtime.gc()V+0
J  com.sjsu.edu.domainprocessor.helpers.ProbabilityProcessor.computeCluster(Ljava/util/List;Ljava/util/Map;)Ljava/util/Map;

[error occurred during error reporting (printing target Java thread stack), id 0xc0000005]

VM_Operation (0x003bf88c): GenCollectFull, mode: safepoint, requested by thread 0x00369800


---------------  P R O C E S S  ---------------

Java Threads: ( => current thread )
  0x01b02c00 JavaThread "Low Memory Detector" daemon [_thread_blocked, id=620, stack(0x18000000,0x18050000)]
  0x01affc00 JavaThread "CompilerThread0" daemon [_thread_blocked, id=2336, stack(0x17fb0000,0x18000000)]
  0x01aec400 JavaThread "JDWP Command Reader" daemon [_thread_in_native, id=3704, stack(0x17f60000,0x17fb0000)]
  0x01aeb400 JavaThread "JDWP Event Helper Thread" daemon [_thread_blocked, id=628, stack(0x17f10000,0x17f60000)]
  0x01ae8400 JavaThread "JDWP Transport Listener: dt_socket" daemon [_thread_blocked, id=2968, stack(0x17e80000,0x17ed0000)]
  0x01adb400 JavaThread "Attach Listener" daemon [_thread_blocked, id=3804, stack(0x17d10000,0x17d60000)]
  0x01ad8400 JavaThread "Signal Dispatcher" daemon [_thread_blocked, id=328, stack(0x17cc0000,0x17d10000)]
  0x01aae800 JavaThread "Finalizer" daemon [_thread_blocked, id=2052, stack(0x17c70000,0x17cc0000)]
  0x01aaa000 JavaThread "Reference Handler" daemon [_thread_blocked, id=1320, stack(0x17c20000,0x17c70000)]
  0x00369800 JavaThread "main" [_thread_blocked, id=2192, stack(0x00370000,0x003c0000)]

Other Threads:
=>0x01aa7000 VMThread [stack: 0x17bd0000,0x17c20000] [id=2328]
  0x01b06000 WatcherThread [stack: 0x180a0000,0x180f0000] [id=3156]

VM state:at safepoint (normal execution)

VM Mutex/Monitor currently owned by a thread:  ([mutex/lock_event])
[0x003678f0] Threads_lock - owner thread: 0x01aa7000
[0x00367d00] Heap_lock - owner thread: 0x00369800

Heap
 def new generation   total 4992K, used 0K [0x03b20000, 0x04080000, 0x09070000)
  eden space 4480K,   0% used [0x03b20000, 0x03b20000, 0x03f80000)
  from space 512K,   0% used [0x03f80000, 0x03f80000, 0x04000000)
  to   space 512K,   0% used [0x04000000, 0x04000000, 0x04080000)
 tenured generation   total 10944K, used 2126K [0x09070000, 0x09b20000, 0x13b20000)
   the space 10944K,  19% used [0x09070000, 0x09283890, 0x09283a00, 0x09b20000)
 compacting perm gen  total 12288K, used 1939K [0x13b20000, 0x14720000, 0x17b20000)
   the space 12288K,  15% used [0x13b20000, 0x13d04c00, 0x13d04200, 0x14720000)
No shared spaces configured.

Dynamic libraries:
0x00400000 - 0x00424000 	C:\Program Files\Java\jdk1.6.0_21\bin\javaw.exe
0x77b10000 - 0x77c4c000 	C:\Windows\SYSTEM32\ntdll.dll
0x775c0000 - 0x77694000 	C:\Windows\system32\kernel32.dll
0x75ce0000 - 0x75d2a000 	C:\Windows\system32\KERNELBASE.dll
0x77c50000 - 0x77cf0000 	C:\Windows\system32\ADVAPI32.dll
0x76710000 - 0x767bc000 	C:\Windows\system32\msvcrt.dll
0x760c0000 - 0x760d9000 	C:\Windows\SYSTEM32\sechost.dll
0x768b0000 - 0x76951000 	C:\Windows\system32\RPCRT4.dll
0x76220000 - 0x762e9000 	C:\Windows\system32\USER32.dll
0x77cf0000 - 0x77d3e000 	C:\Windows\system32\GDI32.dll
0x76090000 - 0x7609a000 	C:\Windows\system32\LPK.dll
0x777d0000 - 0x7786d000 	C:\Windows\system32\USP10.dll
0x760a0000 - 0x760bf000 	C:\Windows\system32\IMM32.DLL
0x75fc0000 - 0x7608c000 	C:\Windows\system32\MSCTF.dll
0x7c340000 - 0x7c396000 	C:\Program Files\Java\jdk1.6.0_21\jre\bin\msvcr71.dll
0x6d8b0000 - 0x6db57000 	C:\Program Files\Java\jdk1.6.0_21\jre\bin\client\jvm.dll
0x73e00000 - 0x73e32000 	C:\Windows\system32\WINMM.dll
0x75b90000 - 0x75bdb000 	C:\Windows\system32\apphelp.dll
0x6d860000 - 0x6d86c000 	C:\Program Files\Java\jdk1.6.0_21\jre\bin\verify.dll
0x6d3e0000 - 0x6d3ff000 	C:\Program Files\Java\jdk1.6.0_21\jre\bin\java.dll
0x6d340000 - 0x6d348000 	C:\Program Files\Java\jdk1.6.0_21\jre\bin\hpi.dll
0x76960000 - 0x76965000 	C:\Windows\system32\PSAPI.DLL
0x6d430000 - 0x6d459000 	C:\Program Files\Java\jdk1.6.0_21\jre\bin\jdwp.dll
0x6d750000 - 0x6d756000 	C:\Program Files\Java\jdk1.6.0_21\jre\bin\npt.dll
0x6d8a0000 - 0x6d8af000 	C:\Program Files\Java\jdk1.6.0_21\jre\bin\zip.dll
0x6d2b0000 - 0x6d2b7000 	C:\Program Files\Java\jdk1.6.0_21\jre\bin\dt_socket.dll
0x766d0000 - 0x76705000 	C:\Windows\system32\WS2_32.dll
0x777c0000 - 0x777c6000 	C:\Windows\system32\NSI.dll
0x73c30000 - 0x73c40000 	C:\Windows\system32\NLAapi.dll
0x756d0000 - 0x7570c000 	C:\Windows\System32\mswsock.dll
0x75580000 - 0x755c4000 	C:\Windows\system32\DNSAPI.dll
0x70280000 - 0x70288000 	C:\Windows\System32\winrnr.dll
0x70270000 - 0x70280000 	C:\Windows\system32\napinsp.dll
0x70250000 - 0x70262000 	C:\Windows\system32\pnrpnsp.dll
0x70240000 - 0x7024d000 	C:\Windows\system32\wshbth.dll
0x6f2f0000 - 0x6f315000 	C:\Program Files\Bonjour\mdnsNSP.dll
0x739c0000 - 0x739dc000 	C:\Windows\system32\Iphlpapi.DLL
0x739b0000 - 0x739b7000 	C:\Windows\system32\WINNSI.DLL
0x73310000 - 0x73348000 	C:\Windows\System32\fwpuclnt.dll
0x6f2e0000 - 0x6f2e6000 	C:\Windows\system32\rasadhlp.dll
0x751f0000 - 0x751f5000 	C:\Windows\System32\wshtcpip.dll

VM Arguments:
jvm_args: -agentlib:jdwp=transport=dt_socket,suspend=y,address=localhost:50441 -Dfile.encoding=Cp1252 
java_command: com.sjsu.edu.domainprocessor.LogProcessorTest
Launcher Type: SUN_STANDARD

Environment Variables:
JAVA_HOME=C:\Program Files\Java\jdk1.6.0_21
CLASSPATH=.;C:\Program Files\Java\jre6\lib\ext\QTJava.zip
PATH=C:\Program Files\Java\jdk1.6.0_21\jre\bin;C:/Program Files/Java/jdk1.6.0_21/bin/../jre/bin/client;C:/Program Files/Java/jdk1.6.0_21/bin/../jre/bin;C:/Program Files/Java/jdk1.6.0_21/bin/../jre/lib/i386;c:\ruby\bin;VOLDEMORT_HOME\bin;E:\BuildTools\ApacheMaven\apache-maven-2.2.1\bin;E:\Servers\JBoss\bin;E:\Servers\ApacheTomcat\apache-tomcat-7.0.2\bin;E:\BuildTools\ApacheAnt\apache-ant-1.8.1\bin;C:\Program Files\Java\jdk1.6.0_21\bin;C:\Windows\system32;C:\Windows;C:\Windows\System32\Wbem;C:\Windows\System32\WindowsPowerShell\v1.0\;C:\Program Files\WIDCOMM\Bluetooth Software\;C:\Program Files\TortoiseSVN\bin;C:\Program Files\QuickTime\QTSystem\
USERNAME=Administrator
OS=Windows_NT
PROCESSOR_IDENTIFIER=x86 Family 6 Model 15 Stepping 13, GenuineIntel



---------------  S Y S T E M  ---------------

OS: Windows 7 Build 7600 

CPU:total 2 (2 cores per cpu, 1 threads per core) family 6 model 15 stepping 13, cmov, cx8, fxsr, mmx, sse, sse2, sse3, ssse3

Memory: 4k page, physical 2087352k(843384k free), swap 4174704k(2524412k free)

vm_info: Java HotSpot(TM) Client VM (17.0-b17) for windows-x86 JRE (1.6.0_21-b07), built on Jul 17 2010 01:10:15 by "java_re" with MS VC++ 7.1 (VS2003)

time: Tue Feb 01 13:13:56 2011
elapsed time: 687 seconds

